CRITICAL - 2026-06-26 15:42:17 --> Error: Call to undefined method CodeIgniter\View\View::extends()
in APPPATH\Views\skill.php on line 1.
 1 SYSTEMPATH\View\View.php(228): include()
 2 SYSTEMPATH\View\View.php(231): CodeIgniter\View\View->CodeIgniter\View\{closure}()
 3 SYSTEMPATH\Common.php(1178): CodeIgniter\View\View->render('skill', [], true)
 4 APPPATH\Controllers\Portfolio.php(16): view('skill')
 5 SYSTEMPATH\CodeIgniter.php(943): App\Controllers\Portfolio->skill()
 6 SYSTEMPATH\CodeIgniter.php(503): CodeIgniter\CodeIgniter->runController(Object(App\Controllers\Portfolio))
 7 SYSTEMPATH\CodeIgniter.php(361): CodeIgniter\CodeIgniter->handleRequest(null, Object(Config\Cache), false)
 8 FCPATH\index.php(79): CodeIgniter\CodeIgniter->run()
 9 SYSTEMPATH\Commands\Server\rewrite.php(47): require_once('D:\\Projek\\portofolio-ci4\\public\\index.php')
CRITICAL - 2026-06-26 15:43:22 --> Error: Call to undefined method CodeIgniter\View\View::extends()
in APPPATH\Views\skill.php on line 1.
 1 SYSTEMPATH\View\View.php(228): include()
 2 SYSTEMPATH\View\View.php(231): CodeIgniter\View\View->CodeIgniter\View\{closure}()
 3 SYSTEMPATH\Common.php(1178): CodeIgniter\View\View->render('skill', [], true)
 4 APPPATH\Controllers\Portfolio.php(16): view('skill')
 5 SYSTEMPATH\CodeIgniter.php(943): App\Controllers\Portfolio->skill()
 6 SYSTEMPATH\CodeIgniter.php(503): CodeIgniter\CodeIgniter->runController(Object(App\Controllers\Portfolio))
 7 SYSTEMPATH\CodeIgniter.php(361): CodeIgniter\CodeIgniter->handleRequest(null, Object(Config\Cache), false)
 8 FCPATH\index.php(79): CodeIgniter\CodeIgniter->run()
 9 SYSTEMPATH\Commands\Server\rewrite.php(47): require_once('D:\\Projek\\portofolio-ci4\\public\\index.php')
CRITICAL - 2026-06-26 16:47:29 --> ParseError: syntax error, unexpected single-quoted string "skill", expecting "]"
in APPPATH\Controllers\Portfolio.php on line 10.
 1 SYSTEMPATH\Autoloader\Autoloader.php(290): CodeIgniter\Autoloader\Autoloader->includeFile('D:\\Projek\\portofolio-ci4\\app\\Controllers\\Portfolio.php')
 2 SYSTEMPATH\Autoloader\Autoloader.php(266): CodeIgniter\Autoloader\Autoloader->loadInNamespace('App\\Controllers\\Portfolio')
 3 [internal function]: CodeIgniter\Autoloader\Autoloader->loadClass('App\\Controllers\\Portfolio')
 4 SYSTEMPATH\CodeIgniter.php(901): class_exists('\\App\\Controllers\\Portfolio', true)
 5 SYSTEMPATH\CodeIgniter.php(490): CodeIgniter\CodeIgniter->startController()
 6 SYSTEMPATH\CodeIgniter.php(361): CodeIgniter\CodeIgniter->handleRequest(null, Object(Config\Cache), false)
 7 FCPATH\index.php(79): CodeIgniter\CodeIgniter->run()
 8 SYSTEMPATH\Commands\Server\rewrite.php(47): require_once('D:\\Projek\\portofolio-ci4\\public\\index.php')
CRITICAL - 2026-06-26 16:47:40 --> ParseError: syntax error, unexpected single-quoted string "skill", expecting "]"
in APPPATH\Controllers\Portfolio.php on line 10.
 1 SYSTEMPATH\Autoloader\Autoloader.php(290): CodeIgniter\Autoloader\Autoloader->includeFile('D:\\Projek\\portofolio-ci4\\app\\Controllers\\Portfolio.php')
 2 SYSTEMPATH\Autoloader\Autoloader.php(266): CodeIgniter\Autoloader\Autoloader->loadInNamespace('App\\Controllers\\Portfolio')
 3 [internal function]: CodeIgniter\Autoloader\Autoloader->loadClass('App\\Controllers\\Portfolio')
 4 SYSTEMPATH\CodeIgniter.php(901): class_exists('\\App\\Controllers\\Portfolio', true)
 5 SYSTEMPATH\CodeIgniter.php(490): CodeIgniter\CodeIgniter->startController()
 6 SYSTEMPATH\CodeIgniter.php(361): CodeIgniter\CodeIgniter->handleRequest(null, Object(Config\Cache), false)
 7 FCPATH\index.php(79): CodeIgniter\CodeIgniter->run()
 8 SYSTEMPATH\Commands\Server\rewrite.php(47): require_once('D:\\Projek\\portofolio-ci4\\public\\index.php')
CRITICAL - 2026-06-26 17:36:18 --> BadMethodCallException: Call to undefined method App\Models\SkillModel::findA11
in SYSTEMPATH\Model.php on line 879.
 1 APPPATH\Controllers\Portfolio.php(13): CodeIgniter\Model->__call('findA11', [])
 2 SYSTEMPATH\CodeIgniter.php(943): App\Controllers\Portfolio->index()
 3 SYSTEMPATH\CodeIgniter.php(503): CodeIgniter\CodeIgniter->runController(Object(App\Controllers\Portfolio))
 4 SYSTEMPATH\CodeIgniter.php(361): CodeIgniter\CodeIgniter->handleRequest(null, Object(Config\Cache), false)
 5 FCPATH\index.php(79): CodeIgniter\CodeIgniter->run()
 6 SYSTEMPATH\Commands\Server\rewrite.php(47): require_once('D:\\Projek\\portofolio-ci4\\public\\index.php')
CRITICAL - 2026-06-26 18:19:55 --> Error: Call to undefined method CodeIgniter\HTTP\RedirectResponse::tol()
in APPPATH\Controllers\Portfolio.php on line 43.
 1 SYSTEMPATH\CodeIgniter.php(943): App\Controllers\Portfolio->simpanSkill()
 2 SYSTEMPATH\CodeIgniter.php(503): CodeIgniter\CodeIgniter->runController(Object(App\Controllers\Portfolio))
 3 SYSTEMPATH\CodeIgniter.php(361): CodeIgniter\CodeIgniter->handleRequest(null, Object(Config\Cache), false)
 4 FCPATH\index.php(79): CodeIgniter\CodeIgniter->run()
 5 SYSTEMPATH\Commands\Server\rewrite.php(47): require_once('D:\\Projek\\portofolio-ci4\\public\\index.php')
CRITICAL - 2026-06-26 19:39:25 --> ParseError: syntax error, unexpected token "endforeach", expecting end of file
in APPPATH\Views\portfolio.php on line 51.
 1 SYSTEMPATH\View\View.php(231): CodeIgniter\View\View->CodeIgniter\View\{closure}()
 2 SYSTEMPATH\Common.php(1178): CodeIgniter\View\View->render('portfolio', [], true)
 3 APPPATH\Controllers\Portfolio.php(19): view('portfolio', [...])
 4 SYSTEMPATH\CodeIgniter.php(943): App\Controllers\Portfolio->index()
 5 SYSTEMPATH\CodeIgniter.php(503): CodeIgniter\CodeIgniter->runController(Object(App\Controllers\Portfolio))
 6 SYSTEMPATH\CodeIgniter.php(361): CodeIgniter\CodeIgniter->handleRequest(null, Object(Config\Cache), false)
 7 FCPATH\index.php(79): CodeIgniter\CodeIgniter->run()
 8 SYSTEMPATH\Commands\Server\rewrite.php(47): require_once('D:\\Projek\\portofolio-ci4\\public\\index.php')
