CRITICAL - 2026-06-25 16:46:31 --> Error: Class "App\Controllers\BaseControllers" not found
in APPPATH\Controllers\Portfolio.php on line 3.
 1 SYSTEMPATH\Autoloader\Autoloader.php(311): include_once()
 2 SYSTEMPATH\Autoloader\Autoloader.php(290): CodeIgniter\Autoloader\Autoloader->includeFile('D:\\Projek\\portofolio-ci4\\app\\Controllers\\Portfolio.php')
 3 SYSTEMPATH\Autoloader\Autoloader.php(266): CodeIgniter\Autoloader\Autoloader->loadInNamespace('App\\Controllers\\Portfolio')
 4 [internal function]: CodeIgniter\Autoloader\Autoloader->loadClass('App\\Controllers\\Portfolio')
 5 SYSTEMPATH\CodeIgniter.php(901): class_exists('\\App\\Controllers\\Portfolio', true)
 6 SYSTEMPATH\CodeIgniter.php(490): CodeIgniter\CodeIgniter->startController()
 7 SYSTEMPATH\CodeIgniter.php(361): CodeIgniter\CodeIgniter->handleRequest(null, Object(Config\Cache), false)
 8 FCPATH\index.php(79): CodeIgniter\CodeIgniter->run()
 9 SYSTEMPATH\Commands\Server\rewrite.php(47): require_once('D:\\Projek\\portofolio-ci4\\public\\index.php')
CRITICAL - 2026-06-25 16:46:41 --> Error: Class "App\Controllers\BaseControllers" not found
in APPPATH\Controllers\Portfolio.php on line 3.
 1 SYSTEMPATH\Autoloader\Autoloader.php(311): include_once()
 2 SYSTEMPATH\Autoloader\Autoloader.php(290): CodeIgniter\Autoloader\Autoloader->includeFile('D:\\Projek\\portofolio-ci4\\app\\Controllers\\Portfolio.php')
 3 SYSTEMPATH\Autoloader\Autoloader.php(266): CodeIgniter\Autoloader\Autoloader->loadInNamespace('App\\Controllers\\Portfolio')
 4 [internal function]: CodeIgniter\Autoloader\Autoloader->loadClass('App\\Controllers\\Portfolio')
 5 SYSTEMPATH\CodeIgniter.php(901): class_exists('\\App\\Controllers\\Portfolio', true)
 6 SYSTEMPATH\CodeIgniter.php(490): CodeIgniter\CodeIgniter->startController()
 7 SYSTEMPATH\CodeIgniter.php(361): CodeIgniter\CodeIgniter->handleRequest(null, Object(Config\Cache), false)
 8 FCPATH\index.php(79): CodeIgniter\CodeIgniter->run()
 9 SYSTEMPATH\Commands\Server\rewrite.php(47): require_once('D:\\Projek\\portofolio-ci4\\public\\index.php')
CRITICAL - 2026-06-25 16:47:15 --> Error: Class "App\Controllers\BaseControllers" not found
in APPPATH\Controllers\Portfolio.php on line 3.
 1 SYSTEMPATH\Autoloader\Autoloader.php(311): include_once()
 2 SYSTEMPATH\Autoloader\Autoloader.php(290): CodeIgniter\Autoloader\Autoloader->includeFile('D:\\Projek\\portofolio-ci4\\app\\Controllers\\Portfolio.php')
 3 SYSTEMPATH\Autoloader\Autoloader.php(266): CodeIgniter\Autoloader\Autoloader->loadInNamespace('App\\Controllers\\Portfolio')
 4 [internal function]: CodeIgniter\Autoloader\Autoloader->loadClass('App\\Controllers\\Portfolio')
 5 SYSTEMPATH\CodeIgniter.php(901): class_exists('\\App\\Controllers\\Portfolio', true)
 6 SYSTEMPATH\CodeIgniter.php(490): CodeIgniter\CodeIgniter->startController()
 7 SYSTEMPATH\CodeIgniter.php(361): CodeIgniter\CodeIgniter->handleRequest(null, Object(Config\Cache), false)
 8 FCPATH\index.php(79): CodeIgniter\CodeIgniter->run()
 9 SYSTEMPATH\Commands\Server\rewrite.php(47): require_once('D:\\Projek\\portofolio-ci4\\public\\index.php')
CRITICAL - 2026-06-25 16:47:16 --> Error: Class "App\Controllers\BaseControllers" not found
in APPPATH\Controllers\Portfolio.php on line 3.
 1 SYSTEMPATH\Autoloader\Autoloader.php(311): include_once()
 2 SYSTEMPATH\Autoloader\Autoloader.php(290): CodeIgniter\Autoloader\Autoloader->includeFile('D:\\Projek\\portofolio-ci4\\app\\Controllers\\Portfolio.php')
 3 SYSTEMPATH\Autoloader\Autoloader.php(266): CodeIgniter\Autoloader\Autoloader->loadInNamespace('App\\Controllers\\Portfolio')
 4 [internal function]: CodeIgniter\Autoloader\Autoloader->loadClass('App\\Controllers\\Portfolio')
 5 SYSTEMPATH\CodeIgniter.php(901): class_exists('\\App\\Controllers\\Portfolio', true)
 6 SYSTEMPATH\CodeIgniter.php(490): CodeIgniter\CodeIgniter->startController()
 7 SYSTEMPATH\CodeIgniter.php(361): CodeIgniter\CodeIgniter->handleRequest(null, Object(Config\Cache), false)
 8 FCPATH\index.php(79): CodeIgniter\CodeIgniter->run()
 9 SYSTEMPATH\Commands\Server\rewrite.php(47): require_once('D:\\Projek\\portofolio-ci4\\public\\index.php')
CRITICAL - 2026-06-25 17:04:47 --> ParseError: syntax error, unexpected single-quoted string "jurusan", expecting "]"
in APPPATH\Controllers\Portfolio.php on line 9.
 1 SYSTEMPATH\Autoloader\Autoloader.php(290): CodeIgniter\Autoloader\Autoloader->includeFile('D:\\Projek\\portofolio-ci4\\app\\Controllers\\Portfolio.php')
 2 SYSTEMPATH\Autoloader\Autoloader.php(266): CodeIgniter\Autoloader\Autoloader->loadInNamespace('App\\Controllers\\Portfolio')
 3 [internal function]: CodeIgniter\Autoloader\Autoloader->loadClass('App\\Controllers\\Portfolio')
 4 SYSTEMPATH\CodeIgniter.php(901): class_exists('\\App\\Controllers\\Portfolio', true)
 5 SYSTEMPATH\CodeIgniter.php(490): CodeIgniter\CodeIgniter->startController()
 6 SYSTEMPATH\CodeIgniter.php(361): CodeIgniter\CodeIgniter->handleRequest(null, Object(Config\Cache), false)
 7 FCPATH\index.php(79): CodeIgniter\CodeIgniter->run()
 8 SYSTEMPATH\Commands\Server\rewrite.php(47): require_once('D:\\Projek\\portofolio-ci4\\public\\index.php')
